c:\users\denyss\2_course\oop\5lab4semc++(oop)\5lab4semc++(oop)\debug\vc141.pdb
c:\users\denyss\2_course\oop\5lab4semc++(oop)\5lab4semc++(oop)\debug\vc141.idb
c:\users\denyss\2_course\oop\5lab4semc++(oop)\5lab4semc++(oop)\debug\square.obj
c:\users\denyss\2_course\oop\5lab4semc++(oop)\5lab4semc++(oop)\debug\rotatedecorator.obj
c:\users\denyss\2_course\oop\5lab4semc++(oop)\5lab4semc++(oop)\debug\outlinecolordecorator.obj
c:\users\denyss\2_course\oop\5lab4semc++(oop)\5lab4semc++(oop)\debug\internalcolordecorator.obj
c:\users\denyss\2_course\oop\5lab4semc++(oop)\5lab4semc++(oop)\debug\figuredecorator.obj
c:\users\denyss\2_course\oop\5lab4semc++(oop)\5lab4semc++(oop)\debug\figure.obj
c:\users\denyss\2_course\oop\5lab4semc++(oop)\5lab4semc++(oop)\debug\controller.obj
c:\users\denyss\2_course\oop\5lab4semc++(oop)\5lab4semc++(oop)\debug\circle.obj
c:\users\denyss\2_course\oop\5lab4semc++(oop)\5lab4semc++(oop)\debug\5lab4semc++(oop).obj
c:\users\denyss\2_course\oop\5lab4sem(oop)\debug\5lab4semc++(oop).ilk
c:\users\denyss\2_course\oop\5lab4sem(oop)\debug\5lab4semc++(oop).exe
c:\users\denyss\2_course\oop\5lab4sem(oop)\debug\5lab4semc++(oop).pdb
c:\users\denyss\2_course\oop\5lab4semc++(oop)\5lab4semc++(oop)\debug\5lab4semc++(oop).tlog\cl.command.1.tlog
c:\users\denyss\2_course\oop\5lab4semc++(oop)\5lab4semc++(oop)\debug\5lab4semc++(oop).tlog\cl.read.1.tlog
c:\users\denyss\2_course\oop\5lab4semc++(oop)\5lab4semc++(oop)\debug\5lab4semc++(oop).tlog\cl.write.1.tlog
c:\users\denyss\2_course\oop\5lab4semc++(oop)\5lab4semc++(oop)\debug\5lab4semc++(oop).tlog\link.command.1.tlog
c:\users\denyss\2_course\oop\5lab4semc++(oop)\5lab4semc++(oop)\debug\5lab4semc++(oop).tlog\link.read.1.tlog
c:\users\denyss\2_course\oop\5lab4semc++(oop)\5lab4semc++(oop)\debug\5lab4semc++(oop).tlog\link.write.1.tlog
