  4Lab3SemC++(OOP).cpp
  Circle.cpp
C:\Users\denyss\2_Course\OOP\4Lab3SemC++(OOP)\4Lab3SemC++(OOP)\Circle.cpp(12,12): warning C4244: 'argument': conversion from 'time_t' to 'unsigned int', possible loss of data
  Composite.cpp
  Controller.cpp
C:\Users\denyss\2_Course\OOP\4Lab3SemC++(OOP)\4Lab3SemC++(OOP)\Controller.cpp(39,42): warning C4305: 'argument': truncation from 'double' to 'float'
C:\Users\denyss\2_Course\OOP\4Lab3SemC++(OOP)\4Lab3SemC++(OOP)\Controller.cpp(42,45): warning C4305: 'argument': truncation from 'double' to 'float'
C:\Users\denyss\2_Course\OOP\4Lab3SemC++(OOP)\4Lab3SemC++(OOP)\Controller.cpp(48,42): warning C4305: 'argument': truncation from 'double' to 'float'
C:\Users\denyss\2_Course\OOP\4Lab3SemC++(OOP)\4Lab3SemC++(OOP)\Controller.cpp(51,45): warning C4305: 'argument': truncation from 'double' to 'float'
C:\Users\denyss\2_Course\OOP\4Lab3SemC++(OOP)\4Lab3SemC++(OOP)\Controller.cpp(80,16): warning C4244: 'argument': conversion from 'time_t' to 'unsigned int', possible loss of data
C:\Users\denyss\2_Course\OOP\4Lab3SemC++(OOP)\4Lab3SemC++(OOP)\Controller.cpp(84,16): warning C4244: 'argument': conversion from 'time_t' to 'unsigned int', possible loss of data
C:\Users\denyss\2_Course\OOP\4Lab3SemC++(OOP)\4Lab3SemC++(OOP)\Controller.cpp(211,173): warning C4244: 'argument': conversion from 'T' to 'T', possible loss of data
          with
          [
              T=float
          ]
          and
          [
              T=int
          ]
C:\Users\denyss\2_Course\OOP\4Lab3SemC++(OOP)\4Lab3SemC++(OOP)\Controller.cpp(211,84): warning C4244: 'argument': conversion from 'T' to 'T', possible loss of data
          with
          [
              T=float
          ]
          and
          [
              T=int
          ]
C:\Users\denyss\2_Course\OOP\4Lab3SemC++(OOP)\4Lab3SemC++(OOP)\Controller.cpp(237,183): warning C4244: 'argument': conversion from 'T' to 'T', possible loss of data
          with
          [
              T=float
          ]
          and
          [
              T=int
          ]
C:\Users\denyss\2_Course\OOP\4Lab3SemC++(OOP)\4Lab3SemC++(OOP)\Controller.cpp(237,88): warning C4244: 'argument': conversion from 'T' to 'T', possible loss of data
          with
          [
              T=float
          ]
          and
          [
              T=int
          ]
C:\Users\denyss\2_Course\OOP\4Lab3SemC++(OOP)\4Lab3SemC++(OOP)\Controller.cpp(300,20): warning C4018: '<': signed/unsigned mismatch
C:\Users\denyss\2_Course\OOP\4Lab3SemC++(OOP)\4Lab3SemC++(OOP)\Controller.cpp(303,20): warning C4018: '<': signed/unsigned mismatch
  Figure.cpp
  Line.cpp
C:\Users\denyss\2_Course\OOP\4Lab3SemC++(OOP)\4Lab3SemC++(OOP)\Line.cpp(5,12): warning C4244: 'argument': conversion from 'time_t' to 'unsigned int', possible loss of data
  Square.cpp
C:\Users\denyss\2_Course\OOP\4Lab3SemC++(OOP)\4Lab3SemC++(OOP)\Square.cpp(5,12): warning C4244: 'argument': conversion from 'time_t' to 'unsigned int', possible loss of data
C:\Users\denyss\2_Course\OOP\4Lab3SemC++(OOP)\4Lab3SemC++(OOP)\Square.cpp(14,12): warning C4244: 'argument': conversion from 'time_t' to 'unsigned int', possible loss of data
  Star.cpp
C:\Users\denyss\2_Course\OOP\4Lab3SemC++(OOP)\4Lab3SemC++(OOP)\Star.cpp(5,11): warning C4244: 'argument': conversion from 'time_t' to 'unsigned int', possible loss of data
  Triangle.cpp
C:\Users\denyss\2_Course\OOP\4Lab3SemC++(OOP)\4Lab3SemC++(OOP)\Triangle.cpp(5,12): warning C4244: 'argument': conversion from 'time_t' to 'unsigned int', possible loss of data
4Lab3SemC++(OOP).obj : error LNK2001: unresolved external symbol "__declspec(dllimport) public: virtual __thiscall sf::RenderWindow::~RenderWindow(void)" (__imp_??1RenderWindow@sf@@UAE@XZ)
4Lab3SemC++(OOP).obj : error LNK2001: unresolved external symbol "__declspec(dllimport) public: __thiscall sf::RenderWindow::RenderWindow(class sf::VideoMode,class sf::String const &,unsigned int,struct sf::ContextSettings const &)" (__imp_??0RenderWindow@sf@@QAE@VVideoMode@1@ABVString@1@IABUContextSettings@1@@Z)
4Lab3SemC++(OOP).obj : error LNK2001: unresolved external symbol "__declspec(dllimport) public: __thiscall sf::Color::Color(unsigned char,unsigned char,unsigned char,unsigned char)" (__imp_??0Color@sf@@QAE@EEEE@Z)
4Lab3SemC++(OOP).obj : error LNK2001: unresolved external symbol "__declspec(dllimport) public: void __thiscall sf::Window::display(void)" (__imp_?display@Window@sf@@QAEXXZ)
4Lab3SemC++(OOP).obj : error LNK2001: unresolved external symbol "__declspec(dllimport) public: bool __thiscall sf::Window::isOpen(void)const " (__imp_?isOpen@Window@sf@@QBE_NXZ)
4Lab3SemC++(OOP).obj : error LNK2001: unresolved external symbol "__declspec(dllimport) public: void __thiscall sf::RenderTarget::clear(class sf::Color const &)" (__imp_?clear@RenderTarget@sf@@QAEXABVColor@2@@Z)
4Lab3SemC++(OOP).obj : error LNK2001: unresolved external symbol "__declspec(dllimport) public: __thiscall sf::String::String(char const *,class std::locale const &)" (__imp_??0String@sf@@QAE@PBDABVlocale@std@@@Z)
4Lab3SemC++(OOP).obj : error LNK2001: unresolved external symbol "__declspec(dllimport) public: __thiscall sf::VideoMode::VideoMode(unsigned int,unsigned int,unsigned int)" (__imp_??0VideoMode@sf@@QAE@III@Z)
4Lab3SemC++(OOP).obj : error LNK2001: unresolved external symbol "__declspec(dllimport) public: __thiscall sf::String::~String(void)" (__imp_??1String@sf@@QAE@XZ)
Circle.obj : error LNK2001: unresolved external symbol "__declspec(dllimport) public: static class sf::RenderStates const sf::RenderStates::Default" (__imp_?Default@RenderStates@sf@@2V12@B)
Circle.obj : error LNK2001: unresolved external symbol "__declspec(dllimport) public: __thiscall sf::CircleShape::CircleShape(float,unsigned int)" (__imp_??0CircleShape@sf@@QAE@MI@Z)
Circle.obj : error LNK2001: unresolved external symbol "__declspec(dllimport) public: void __thiscall sf::Transformable::scale(float,float)" (__imp_?scale@Transformable@sf@@QAEXMM@Z)
Circle.obj : error LNK2001: unresolved external symbol "__declspec(dllimport) public: void __thiscall sf::Transformable::move(float,float)" (__imp_?move@Transformable@sf@@QAEXMM@Z)
Circle.obj : error LNK2001: unresolved external symbol "__declspec(dllimport) public: class sf::Vector2<float> const & __thiscall sf::Transformable::getPosition(void)const " (__imp_?getPosition@Transformable@sf@@QBEABV?$Vector2@M@2@XZ)
Circle.obj : error LNK2001: unresolved external symbol "__declspec(dllimport) public: void __thiscall sf::Transformable::setOrigin(float,float)" (__imp_?setOrigin@Transformable@sf@@QAEXMM@Z)
Circle.obj : error LNK2001: unresolved external symbol "__declspec(dllimport) public: void __thiscall sf::Transformable::setScale(float,float)" (__imp_?setScale@Transformable@sf@@QAEXMM@Z)
Circle.obj : error LNK2001: unresolved external symbol "__declspec(dllimport) public: void __thiscall sf::Transformable::setPosition(float,float)" (__imp_?setPosition@Transformable@sf@@QAEXMM@Z)
Circle.obj : error LNK2001: unresolved external symbol "__declspec(dllimport) public: __thiscall sf::Color::Color(void)" (__imp_??0Color@sf@@QAE@XZ)
Circle.obj : error LNK2001: unresolved external symbol "__declspec(dllimport) public: void __thiscall sf::RenderTarget::draw(class sf::Drawable const &,class sf::RenderStates const &)" (__imp_?draw@RenderTarget@sf@@QAEXABVDrawable@2@ABVRenderStates@2@@Z)
Circle.obj : error LNK2001: unresolved external symbol "__declspec(dllimport) public: class sf::Rect<float> __thiscall sf::Shape::getGlobalBounds(void)const " (__imp_?getGlobalBounds@Shape@sf@@QBE?AV?$Rect@M@2@XZ)
Circle.obj : error LNK2001: unresolved external symbol "__declspec(dllimport) public: void __thiscall sf::Shape::setOutlineThickness(float)" (__imp_?setOutlineThickness@Shape@sf@@QAEXM@Z)
Circle.obj : error LNK2001: unresolved external symbol "__declspec(dllimport) public: void __thiscall sf::Shape::setOutlineColor(class sf::Color const &)" (__imp_?setOutlineColor@Shape@sf@@QAEXABVColor@2@@Z)
Circle.obj : error LNK2001: unresolved external symbol "__declspec(dllimport) public: void __thiscall sf::Shape::setFillColor(class sf::Color const &)" (__imp_?setFillColor@Shape@sf@@QAEXABVColor@2@@Z)
Circle.obj : error LNK2001: unresolved external symbol "__declspec(dllimport) public: class sf::CircleShape & __thiscall sf::CircleShape::operator=(class sf::CircleShape &&)" (__imp_??4CircleShape@sf@@QAEAAV01@$$QAV01@@Z)
Circle.obj : error LNK2001: unresolved external symbol "__declspec(dllimport) public: virtual __thiscall sf::CircleShape::~CircleShape(void)" (__imp_??1CircleShape@sf@@UAE@XZ)
Controller.obj : error LNK2001: unresolved external symbol "__declspec(dllimport) class sf::Time __cdecl sf::milliseconds(int)" (__imp_?milliseconds@sf@@YA?AVTime@1@H@Z)
Controller.obj : error LNK2001: unresolved external symbol "__declspec(dllimport) void __cdecl sf::sleep(class sf::Time)" (__imp_?sleep@sf@@YAXVTime@1@@Z)
Controller.obj : error LNK2001: unresolved external symbol "__declspec(dllimport) public: bool __thiscall sf::Window::pollEvent(class sf::Event &)" (__imp_?pollEvent@Window@sf@@QAE_NAAVEvent@2@@Z)
Controller.obj : error LNK2001: unresolved external symbol "__declspec(dllimport) public: void __thiscall sf::Window::close(void)" (__imp_?close@Window@sf@@QAEXXZ)
Controller.obj : error LNK2001: unresolved external symbol "__declspec(dllimport) public: class sf::Vector2<float> __thiscall sf::RenderTarget::mapPixelToCoords(class sf::Vector2<int> const &)const " (__imp_?mapPixelToCoords@RenderTarget@sf@@QBE?AV?$Vector2@M@2@ABV?$Vector2@H@2@@Z)
Controller.obj : error LNK2001: unresolved external symbol "__declspec(dllimport) public: static bool __cdecl sf::Keyboard::isKeyPressed(enum sf::Keyboard::Key)" (__imp_?isKeyPressed@Keyboard@sf@@SA_NW4Key@12@@Z)
Controller.obj : error LNK2001: unresolved external symbol "__declspec(dllimport) public: static void __cdecl sf::Mouse::setPosition(class sf::Vector2<int> const &,class sf::Window const &)" (__imp_?setPosition@Mouse@sf@@SAXABV?$Vector2@H@2@ABVWindow@2@@Z)
Controller.obj : error LNK2001: unresolved external symbol "__declspec(dllimport) public: static class sf::Vector2<int> __cdecl sf::Mouse::getPosition(class sf::Window const &)" (__imp_?getPosition@Mouse@sf@@SA?AV?$Vector2@H@2@ABVWindow@2@@Z)
Controller.obj : error LNK2001: unresolved external symbol "__declspec(dllimport) public: static bool __cdecl sf::Mouse::isButtonPressed(enum sf::Mouse::Button)" (__imp_?isButtonPressed@Mouse@sf@@SA_NW4Button@12@@Z)
Line.obj : error LNK2001: unresolved external symbol "__declspec(dllimport) public: __thiscall sf::RectangleShape::RectangleShape(class sf::Vector2<float> const &)" (__imp_??0RectangleShape@sf@@QAE@ABV?$Vector2@M@1@@Z)
Line.obj : error LNK2001: unresolved external symbol "__declspec(dllimport) public: class sf::RectangleShape & __thiscall sf::RectangleShape::operator=(class sf::RectangleShape &&)" (__imp_??4RectangleShape@sf@@QAEAAV01@$$QAV01@@Z)
Line.obj : error LNK2001: unresolved external symbol "__declspec(dllimport) public: virtual __thiscall sf::RectangleShape::~RectangleShape(void)" (__imp_??1RectangleShape@sf@@UAE@XZ)
Star.obj : error LNK2001: unresolved external symbol "__declspec(dllimport) public: void __thiscall sf::ConvexShape::setPoint(unsigned int,class sf::Vector2<float> const &)" (__imp_?setPoint@ConvexShape@sf@@QAEXIABV?$Vector2@M@2@@Z)
Star.obj : error LNK2001: unresolved external symbol "__declspec(dllimport) public: void __thiscall sf::ConvexShape::setPointCount(unsigned int)" (__imp_?setPointCount@ConvexShape@sf@@QAEXI@Z)
Star.obj : error LNK2001: unresolved external symbol "__declspec(dllimport) public: __thiscall sf::ConvexShape::ConvexShape(unsigned int)" (__imp_??0ConvexShape@sf@@QAE@I@Z)
Star.obj : error LNK2001: unresolved external symbol "__declspec(dllimport) public: virtual __thiscall sf::ConvexShape::~ConvexShape(void)" (__imp_??1ConvexShape@sf@@UAE@XZ)
C:\Users\denyss\2_Course\OOP\4Lab3SemC++(OOP)\Release\4Lab3SemC++(OOP).exe : fatal error LNK1120: 41 unresolved externals
