4Lab3SemC++(OOP).obj : error LNK2001: unresolved external symbol "__declspec(dllimport) public: virtual __cdecl sf::RenderWindow::~RenderWindow(void)" (__imp_??1RenderWindow@sf@@UEAA@XZ)
4Lab3SemC++(OOP).obj : error LNK2001: unresolved external symbol "__declspec(dllimport) public: __cdecl sf::RenderWindow::RenderWindow(class sf::VideoMode,class sf::String const &,unsigned int,struct sf::ContextSettings const &)" (__imp_??0RenderWindow@sf@@QEAA@VVideoMode@1@AEBVString@1@IAEBUContextSettings@1@@Z)
4Lab3SemC++(OOP).obj : error LNK2001: unresolved external symbol "__declspec(dllimport) public: __cdecl sf::Color::Color(unsigned char,unsigned char,unsigned char,unsigned char)" (__imp_??0Color@sf@@QEAA@EEEE@Z)
4Lab3SemC++(OOP).obj : error LNK2001: unresolved external symbol "__declspec(dllimport) public: void __cdecl sf::Window::display(void)" (__imp_?display@Window@sf@@QEAAXXZ)
4Lab3SemC++(OOP).obj : error LNK2001: unresolved external symbol "__declspec(dllimport) public: bool __cdecl sf::Window::isOpen(void)const " (__imp_?isOpen@Window@sf@@QEBA_NXZ)
4Lab3SemC++(OOP).obj : error LNK2001: unresolved external symbol "__declspec(dllimport) public: void __cdecl sf::RenderTarget::clear(class sf::Color const &)" (__imp_?clear@RenderTarget@sf@@QEAAXAEBVColor@2@@Z)
    Hint on symbols that are defined and could potentially match:
      "__declspec(dllimport) public: void __cdecl std::basic_ios<char,struct std::char_traits<char> >::clear(int,bool)" (__imp_?clear@?$basic_ios@DU?$char_traits@D@std@@@std@@QEAAXH_N@Z)
4Lab3SemC++(OOP).obj : error LNK2001: unresolved external symbol "__declspec(dllimport) public: __cdecl sf::String::String(char const *,class std::locale const &)" (__imp_??0String@sf@@QEAA@PEBDAEBVlocale@std@@@Z)
4Lab3SemC++(OOP).obj : error LNK2001: unresolved external symbol "__declspec(dllimport) public: __cdecl sf::VideoMode::VideoMode(unsigned int,unsigned int,unsigned int)" (__imp_??0VideoMode@sf@@QEAA@III@Z)
4Lab3SemC++(OOP).obj : error LNK2001: unresolved external symbol "__declspec(dllimport) public: __cdecl sf::String::~String(void)" (__imp_??1String@sf@@QEAA@XZ)
Circle.obj : error LNK2001: unresolved external symbol "__declspec(dllimport) public: static class sf::RenderStates const sf::RenderStates::Default" (__imp_?Default@RenderStates@sf@@2V12@B)
Circle.obj : error LNK2001: unresolved external symbol "__declspec(dllimport) public: virtual class sf::Vector2<float> __cdecl sf::CircleShape::getPoint(unsigned __int64)const " (__imp_?getPoint@CircleShape@sf@@UEBA?AV?$Vector2@M@2@_K@Z)
Circle.obj : error LNK2001: unresolved external symbol "__declspec(dllimport) public: virtual unsigned __int64 __cdecl sf::CircleShape::getPointCount(void)const " (__imp_?getPointCount@CircleShape@sf@@UEBA_KXZ)
Circle.obj : error LNK2001: unresolved external symbol "__declspec(dllimport) public: __cdecl sf::CircleShape::CircleShape(float,unsigned __int64)" (__imp_??0CircleShape@sf@@QEAA@M_K@Z)
Circle.obj : error LNK2001: unresolved external symbol "__declspec(dllimport) public: void __cdecl sf::Transformable::scale(float,float)" (__imp_?scale@Transformable@sf@@QEAAXMM@Z)
Circle.obj : error LNK2001: unresolved external symbol "__declspec(dllimport) public: void __cdecl sf::Transformable::move(float,float)" (__imp_?move@Transformable@sf@@QEAAXMM@Z)
Circle.obj : error LNK2001: unresolved external symbol "__declspec(dllimport) public: class sf::Vector2<float> const & __cdecl sf::Transformable::getPosition(void)const " (__imp_?getPosition@Transformable@sf@@QEBAAEBV?$Vector2@M@2@XZ)
Circle.obj : error LNK2001: unresolved external symbol "__declspec(dllimport) public: void __cdecl sf::Transformable::setOrigin(float,float)" (__imp_?setOrigin@Transformable@sf@@QEAAXMM@Z)
Circle.obj : error LNK2001: unresolved external symbol "__declspec(dllimport) public: void __cdecl sf::Transformable::setScale(float,float)" (__imp_?setScale@Transformable@sf@@QEAAXMM@Z)
Circle.obj : error LNK2001: unresolved external symbol "__declspec(dllimport) public: void __cdecl sf::Transformable::setPosition(float,float)" (__imp_?setPosition@Transformable@sf@@QEAAXMM@Z)
Circle.obj : error LNK2001: unresolved external symbol "__declspec(dllimport) public: __cdecl sf::Color::Color(void)" (__imp_??0Color@sf@@QEAA@XZ)
Circle.obj : error LNK2001: unresolved external symbol "__declspec(dllimport) public: void __cdecl sf::RenderTarget::draw(class sf::Drawable const &,class sf::RenderStates const &)" (__imp_?draw@RenderTarget@sf@@QEAAXAEBVDrawable@2@AEBVRenderStates@2@@Z)
Circle.obj : error LNK2001: unresolved external symbol "__declspec(dllimport) private: virtual void __cdecl sf::Shape::draw(class sf::RenderTarget &,class sf::RenderStates)const " (__imp_?draw@Shape@sf@@EEBAXAEAVRenderTarget@2@VRenderStates@2@@Z)
Circle.obj : error LNK2001: unresolved external symbol "__declspec(dllimport) public: class sf::Rect<float> __cdecl sf::Shape::getGlobalBounds(void)const " (__imp_?getGlobalBounds@Shape@sf@@QEBA?AV?$Rect@M@2@XZ)
Circle.obj : error LNK2001: unresolved external symbol "__declspec(dllimport) public: void __cdecl sf::Shape::setOutlineThickness(float)" (__imp_?setOutlineThickness@Shape@sf@@QEAAXM@Z)
Circle.obj : error LNK2001: unresolved external symbol "__declspec(dllimport) public: void __cdecl sf::Shape::setOutlineColor(class sf::Color const &)" (__imp_?setOutlineColor@Shape@sf@@QEAAXAEBVColor@2@@Z)
Circle.obj : error LNK2001: unresolved external symbol "__declspec(dllimport) public: void __cdecl sf::Shape::setFillColor(class sf::Color const &)" (__imp_?setFillColor@Shape@sf@@QEAAXAEBVColor@2@@Z)
Circle.obj : error LNK2001: unresolved external symbol "__declspec(dllimport) public: virtual __cdecl sf::CircleShape::~CircleShape(void)" (__imp_??1CircleShape@sf@@UEAA@XZ)
Controller.obj : error LNK2001: unresolved external symbol "__declspec(dllimport) public: unsigned int __cdecl sf::Color::toInteger(void)const " (__imp_?toInteger@Color@sf@@QEBAIXZ)
Controller.obj : error LNK2001: unresolved external symbol "__declspec(dllimport) class sf::Time __cdecl sf::milliseconds(int)" (__imp_?milliseconds@sf@@YA?AVTime@1@H@Z)
Controller.obj : error LNK2001: unresolved external symbol "__declspec(dllimport) void __cdecl sf::sleep(class sf::Time)" (__imp_?sleep@sf@@YAXVTime@1@@Z)
Controller.obj : error LNK2001: unresolved external symbol "__declspec(dllimport) public: bool __cdecl sf::Window::pollEvent(class sf::Event &)" (__imp_?pollEvent@Window@sf@@QEAA_NAEAVEvent@2@@Z)
Controller.obj : error LNK2001: unresolved external symbol "__declspec(dllimport) public: void __cdecl sf::Window::close(void)" (__imp_?close@Window@sf@@QEAAXXZ)
Controller.obj : error LNK2001: unresolved external symbol "__declspec(dllimport) public: class sf::Vector2<float> __cdecl sf::RenderTarget::mapPixelToCoords(class sf::Vector2<int> const &)const " (__imp_?mapPixelToCoords@RenderTarget@sf@@QEBA?AV?$Vector2@M@2@AEBV?$Vector2@H@2@@Z)
Controller.obj : error LNK2001: unresolved external symbol "__declspec(dllimport) public: static bool __cdecl sf::Keyboard::isKeyPressed(enum sf::Keyboard::Key)" (__imp_?isKeyPressed@Keyboard@sf@@SA_NW4Key@12@@Z)
Controller.obj : error LNK2001: unresolved external symbol "__declspec(dllimport) public: float __cdecl sf::Shape::getOutlineThickness(void)const " (__imp_?getOutlineThickness@Shape@sf@@QEBAMXZ)
Controller.obj : error LNK2001: unresolved external symbol "__declspec(dllimport) public: class sf::Color const & __cdecl sf::Shape::getOutlineColor(void)const " (__imp_?getOutlineColor@Shape@sf@@QEBAAEBVColor@2@XZ)
Controller.obj : error LNK2001: unresolved external symbol "__declspec(dllimport) public: class sf::Color const & __cdecl sf::Shape::getFillColor(void)const " (__imp_?getFillColor@Shape@sf@@QEBAAEBVColor@2@XZ)
Controller.obj : error LNK2001: unresolved external symbol "__declspec(dllimport) public: static void __cdecl sf::Mouse::setPosition(class sf::Vector2<int> const &,class sf::Window const &)" (__imp_?setPosition@Mouse@sf@@SAXAEBV?$Vector2@H@2@AEBVWindow@2@@Z)
Controller.obj : error LNK2001: unresolved external symbol "__declspec(dllimport) public: static class sf::Vector2<int> __cdecl sf::Mouse::getPosition(class sf::Window const &)" (__imp_?getPosition@Mouse@sf@@SA?AV?$Vector2@H@2@AEBVWindow@2@@Z)
Controller.obj : error LNK2001: unresolved external symbol "__declspec(dllimport) public: static bool __cdecl sf::Mouse::isButtonPressed(enum sf::Mouse::Button)" (__imp_?isButtonPressed@Mouse@sf@@SA_NW4Button@12@@Z)
Line.obj : error LNK2001: unresolved external symbol "__declspec(dllimport) public: virtual class sf::Vector2<float> __cdecl sf::RectangleShape::getPoint(unsigned __int64)const " (__imp_?getPoint@RectangleShape@sf@@UEBA?AV?$Vector2@M@2@_K@Z)
Line.obj : error LNK2001: unresolved external symbol "__declspec(dllimport) public: virtual unsigned __int64 __cdecl sf::RectangleShape::getPointCount(void)const " (__imp_?getPointCount@RectangleShape@sf@@UEBA_KXZ)
Line.obj : error LNK2001: unresolved external symbol "__declspec(dllimport) public: __cdecl sf::RectangleShape::RectangleShape(class sf::Vector2<float> const &)" (__imp_??0RectangleShape@sf@@QEAA@AEBV?$Vector2@M@1@@Z)
Line.obj : error LNK2001: unresolved external symbol "__declspec(dllimport) public: virtual __cdecl sf::RectangleShape::~RectangleShape(void)" (__imp_??1RectangleShape@sf@@UEAA@XZ)
Star.obj : error LNK2001: unresolved external symbol "__declspec(dllimport) public: void __cdecl sf::ConvexShape::setPoint(unsigned __int64,class sf::Vector2<float> const &)" (__imp_?setPoint@ConvexShape@sf@@QEAAX_KAEBV?$Vector2@M@2@@Z)
Star.obj : error LNK2001: unresolved external symbol "__declspec(dllimport) public: void __cdecl sf::ConvexShape::setPointCount(unsigned __int64)" (__imp_?setPointCount@ConvexShape@sf@@QEAAX_K@Z)
C:\Users\denyss\2_Course\OOP\4Lab3SemC++(OOP)\x64\Release\4Lab3SemC++(OOP).exe : fatal error LNK1120: 46 unresolved externals
