  4Lab3SemC++(OOP).cpp
  Circle.cpp
c:\users\denyss\2_course\oop\4lab3semc++(oop)\4lab3semc++(oop)\circle.cpp(12): warning C4244: 'argument': conversion from 'time_t' to 'unsigned int', possible loss of data
  Composite.cpp
  Controller.cpp
c:\users\denyss\2_course\oop\4lab3semc++(oop)\4lab3semc++(oop)\controller.cpp(159): warning C4244: 'argument': conversion from 'float' to 'T', possible loss of data
          with
          [
              T=int
          ]
c:\users\denyss\2_course\oop\4lab3semc++(oop)\4lab3semc++(oop)\controller.cpp(290): warning C4305: 'argument': truncation from 'double' to 'float'
c:\users\denyss\2_course\oop\4lab3semc++(oop)\4lab3semc++(oop)\controller.cpp(293): warning C4305: 'argument': truncation from 'double' to 'float'
c:\users\denyss\2_course\oop\4lab3semc++(oop)\4lab3semc++(oop)\controller.cpp(299): warning C4305: 'argument': truncation from 'double' to 'float'
c:\users\denyss\2_course\oop\4lab3semc++(oop)\4lab3semc++(oop)\controller.cpp(302): warning C4305: 'argument': truncation from 'double' to 'float'
c:\users\denyss\2_course\oop\4lab3semc++(oop)\4lab3semc++(oop)\controller.cpp(486): warning C4244: 'argument': conversion from 'time_t' to 'unsigned int', possible loss of data
c:\users\denyss\2_course\oop\4lab3semc++(oop)\4lab3semc++(oop)\controller.cpp(490): warning C4244: 'argument': conversion from 'time_t' to 'unsigned int', possible loss of data
c:\users\denyss\2_course\oop\4lab3semc++(oop)\4lab3semc++(oop)\controller.cpp(587): warning C4018: '<': signed/unsigned mismatch
c:\users\denyss\2_course\oop\4lab3semc++(oop)\4lab3semc++(oop)\controller.cpp(590): warning C4018: '<': signed/unsigned mismatch
  Figure.cpp
  Line.cpp
c:\users\denyss\2_course\oop\4lab3semc++(oop)\4lab3semc++(oop)\line.cpp(5): warning C4244: 'argument': conversion from 'time_t' to 'unsigned int', possible loss of data
  Memento.cpp
c:\users\denyss\2_course\oop\4lab3semc++(oop)\4lab3semc++(oop)\memento.cpp(13): warning C4018: '<': signed/unsigned mismatch
c:\users\denyss\2_course\oop\4lab3semc++(oop)\4lab3semc++(oop)\memento.cpp(16): warning C4018: '<': signed/unsigned mismatch
c:\users\denyss\2_course\oop\4lab3semc++(oop)\4lab3semc++(oop)\memento.cpp(24): warning C4018: '<': signed/unsigned mismatch
c:\users\denyss\2_course\oop\4lab3semc++(oop)\4lab3semc++(oop)\memento.cpp(29): warning C4018: '<': signed/unsigned mismatch
  MementoHistory.cpp
  Square.cpp
c:\users\denyss\2_course\oop\4lab3semc++(oop)\4lab3semc++(oop)\square.cpp(5): warning C4244: 'argument': conversion from 'time_t' to 'unsigned int', possible loss of data
c:\users\denyss\2_course\oop\4lab3semc++(oop)\4lab3semc++(oop)\square.cpp(14): warning C4244: 'argument': conversion from 'time_t' to 'unsigned int', possible loss of data
  Star.cpp
c:\users\denyss\2_course\oop\4lab3semc++(oop)\4lab3semc++(oop)\star.cpp(5): warning C4244: 'argument': conversion from 'time_t' to 'unsigned int', possible loss of data
  Triangle.cpp
c:\users\denyss\2_course\oop\4lab3semc++(oop)\4lab3semc++(oop)\triangle.cpp(5): warning C4244: 'argument': conversion from 'time_t' to 'unsigned int', possible loss of data
  Generating Code...
  4Lab3SemC++(OOP).vcxproj -> C:\Users\denyss\2_Course\OOP\4Lab3SemC++(OOP)\Debug\4Lab3SemC++(OOP).exe
