c:\users\denyss\2_course\oop\4lab3semc++(oop)\4lab3semc++(oop)\debug\vc141.pdb
c:\users\denyss\2_course\oop\4lab3semc++(oop)\4lab3semc++(oop)\debug\vc141.idb
c:\users\denyss\2_course\oop\4lab3semc++(oop)\4lab3semc++(oop)\debug\triangle.obj
c:\users\denyss\2_course\oop\4lab3semc++(oop)\4lab3semc++(oop)\debug\star.obj
c:\users\denyss\2_course\oop\4lab3semc++(oop)\4lab3semc++(oop)\debug\square.obj
c:\users\denyss\2_course\oop\4lab3semc++(oop)\4lab3semc++(oop)\debug\mementohistory.obj
c:\users\denyss\2_course\oop\4lab3semc++(oop)\4lab3semc++(oop)\debug\memento.obj
c:\users\denyss\2_course\oop\4lab3semc++(oop)\4lab3semc++(oop)\debug\line.obj
c:\users\denyss\2_course\oop\4lab3semc++(oop)\4lab3semc++(oop)\debug\figure.obj
c:\users\denyss\2_course\oop\4lab3semc++(oop)\4lab3semc++(oop)\debug\controller.obj
c:\users\denyss\2_course\oop\4lab3semc++(oop)\4lab3semc++(oop)\debug\composite.obj
c:\users\denyss\2_course\oop\4lab3semc++(oop)\4lab3semc++(oop)\debug\circle.obj
c:\users\denyss\2_course\oop\4lab3semc++(oop)\4lab3semc++(oop)\debug\4lab3semc++(oop).obj
c:\users\denyss\2_course\oop\4lab3semc++(oop)\debug\4lab3semc++(oop).ilk
c:\users\denyss\2_course\oop\4lab3semc++(oop)\debug\4lab3semc++(oop).exe
c:\users\denyss\2_course\oop\4lab3semc++(oop)\debug\4lab3semc++(oop).pdb
c:\users\denyss\2_course\oop\4lab3semc++(oop)\4lab3semc++(oop)\debug\4lab3semc++(oop).tlog\cl.command.1.tlog
c:\users\denyss\2_course\oop\4lab3semc++(oop)\4lab3semc++(oop)\debug\4lab3semc++(oop).tlog\cl.read.1.tlog
c:\users\denyss\2_course\oop\4lab3semc++(oop)\4lab3semc++(oop)\debug\4lab3semc++(oop).tlog\cl.write.1.tlog
c:\users\denyss\2_course\oop\4lab3semc++(oop)\4lab3semc++(oop)\debug\4lab3semc++(oop).tlog\link.command.1.tlog
c:\users\denyss\2_course\oop\4lab3semc++(oop)\4lab3semc++(oop)\debug\4lab3semc++(oop).tlog\link.read.1.tlog
c:\users\denyss\2_course\oop\4lab3semc++(oop)\4lab3semc++(oop)\debug\4lab3semc++(oop).tlog\link.write.1.tlog
